<?xml version="1.0" encoding="UTF-8"?>
<!-- Generated by org.testng.reporters.JUnitXMLReporter -->
<testsuite hostname="k" name="test2" tests="4" failures="0" timestamp="19 Jul 2017 08:41:24 GMT" time="0.11" errors="0">
  <testcase name="@BeforeClass setUp" time="0.0" classname="com.netease.test.TestCase2">
    <failure type="java.net.MalformedURLException" message="For input string: &amp;quot;28a38e6f&amp;quot;">
      <![CDATA[java.net.MalformedURLException: For input string: "28a38e6f"
	at java.net.URL.<init>(URL.java:627)
	at java.net.URL.<init>(URL.java:490)
	at java.net.URL.<init>(URL.java:439)
	at com.netease.test.TestCase2.setUp(TestCase2.java:47)
	at java.util.concurrent.FutureTask.run(FutureTask.java:266)
	at java.util.concurrent.ThreadPoolExecutor.runWorker(ThreadPoolExecutor.java:1142)
	at java.util.concurrent.ThreadPoolExecutor$Worker.run(ThreadPoolExecutor.java:617)
	at java.lang.Thread.run(Thread.java:748)
Caused by: java.lang.NumberFormatException: For input string: "28a38e6f"
	at java.lang.NumberFormatException.forInputString(NumberFormatException.java:65)
	at java.lang.Integer.parseInt(Integer.java:580)
	at java.lang.Integer.parseInt(Integer.java:615)
	at java.net.URLStreamHandler.parseURL(URLStreamHandler.java:222)
	at java.net.URL.<init>(URL.java:622)
	... 23 more
... Removed 16 stack frames]]>
    </failure>
  </testcase> <!-- @BeforeClass setUp -->
  <testcase name="@AfterClass deletePhoto" time="0.0" classname="com.netease.test.TestCase2">
    <skipped/>
  </testcase> <!-- @AfterClass deletePhoto -->
  <testcase name="@AfterTest tearDown" time="0.0" classname="com.netease.test.TestCase2">
    <failure type="java.lang.NullPointerException">
      <![CDATA[java.lang.NullPointerException
	at com.netease.test.TestCase2.tearDown(TestCase2.java:126)
	at java.util.concurrent.FutureTask.run(FutureTask.java:266)
	at java.util.concurrent.ThreadPoolExecutor.runWorker(ThreadPoolExecutor.java:1142)
	at java.util.concurrent.ThreadPoolExecutor$Worker.run(ThreadPoolExecutor.java:617)
	at java.lang.Thread.run(Thread.java:748)
... Removed 14 stack frames]]>
    </failure>
  </testcase> <!-- @AfterTest tearDown -->
  <testcase name="login" time="0.004" classname="com.netease.test.TestCase2">
    <skipped/>
  </testcase> <!-- login -->
  <testcase name="localAlbum" time="0.0" classname="com.netease.test.TestCase2">
    <skipped/>
  </testcase> <!-- localAlbum -->
  <testcase name="browseCloudPic" time="0.0" classname="com.netease.test.TestCase2">
    <skipped/>
  </testcase> <!-- browseCloudPic -->
  <testcase name="getLocalPicts" time="0.0" classname="com.netease.test.TestCase2">
    <skipped/>
  </testcase> <!-- getLocalPicts -->
</testsuite> <!-- test2 -->
