<?xml version="1.0" encoding="UTF-8"?>
<!-- Generated by org.testng.reporters.JUnitXMLReporter -->
<testsuite hostname="k" name="test1" tests="4" failures="1" timestamp="19 Jul 2017 08:42:27 GMT" time="63.676" errors="0">
  <testcase name="login" time="17.433" classname="com.netease.test.TestCase1"/>
  <testcase name="cloudalbum" time="2.986" classname="com.netease.test.TestCase1"/>
  <testcase name="browseLocalPic" time="30.488" classname="com.netease.test.TestCase1">
    <failure type="org.openqa.selenium.TimeoutException" message="Timed out after 30 seconds waiting for presence of element located by: By.name: 本地相册
Build info: version: &amp;apos;2.50.1&amp;apos;, revision: &amp;apos;d7fc91b&amp;apos;, time: &amp;apos;2016-01-29 19:08:26&amp;apos;
System info: host: &amp;apos;k&amp;apos;, ip: &amp;apos;192.168.200.1&amp;apos;, os.name: &amp;apos;Windows 8.1&amp;apos;, os.arch: &amp;apos;amd64&amp;apos;, os.version: &amp;apos;6.3&amp;apos;, java.version: &amp;apos;1.8.0_131&amp;apos;
Driver info: io.appium.java_client.android.AndroidDriver
Capabilities [{app=C:\Users\kk\Desktop\eclipse\AppiumTestGrid\app\Album_netease.apk, appPackage=com.netease.cloudalbum, deviceScreenSize=720x1280, networkConnectionEnabled=true, warnings={}, appWaitPackage=com.netease.cloudalbum, appWaitActivity=com.netease.cloudalbum.Activity.AppEncryptActivity, databaseEnabled=false, deviceName=127.0.0.1:62001, platform=LINUX, deviceUDID=127.0.0.1:62001, appActivity=com.netease.cloudalbum.Activity.AppEncryptActivity, desired={app=C:\Users\kk\Desktop\eclipse\AppiumTestGrid\app\Album_netease.apk, appPackage=com.netease.cloudalbum, platformVersion=4.4, platformName=Android, udid=127.0.0.1:62001, deviceName=127.0.0.1:62001}, platformVersion=4.4.2, webStorageEnabled=false, locationContextEnabled=false, takesScreenshot=true, javascriptEnabled=true, deviceModel=C8817D, platformName=Android, udid=127.0.0.1:62001, deviceManufacturer=HUAWEI}]
Session ID: 28cc7ce1-14e7-4a21-a08f-5db48d55def1">
      <![CDATA[org.openqa.selenium.TimeoutException: Timed out after 30 seconds waiting for presence of element located by: By.name: 本地相册
Build info: version: '2.50.1', revision: 'd7fc91b', time: '2016-01-29 19:08:26'
System info: host: 'k', ip: '192.168.200.1', os.name: 'Windows 8.1', os.arch: 'amd64', os.version: '6.3', java.version: '1.8.0_131'
Driver info: io.appium.java_client.android.AndroidDriver
Capabilities [{app=C:\Users\kk\Desktop\eclipse\AppiumTestGrid\app\Album_netease.apk, appPackage=com.netease.cloudalbum, deviceScreenSize=720x1280, networkConnectionEnabled=true, warnings={}, appWaitPackage=com.netease.cloudalbum, appWaitActivity=com.netease.cloudalbum.Activity.AppEncryptActivity, databaseEnabled=false, deviceName=127.0.0.1:62001, platform=LINUX, deviceUDID=127.0.0.1:62001, appActivity=com.netease.cloudalbum.Activity.AppEncryptActivity, desired={app=C:\Users\kk\Desktop\eclipse\AppiumTestGrid\app\Album_netease.apk, appPackage=com.netease.cloudalbum, platformVersion=4.4, platformName=Android, udid=127.0.0.1:62001, deviceName=127.0.0.1:62001}, platformVersion=4.4.2, webStorageEnabled=false, locationContextEnabled=false, takesScreenshot=true, javascriptEnabled=true, deviceModel=C8817D, platformName=Android, udid=127.0.0.1:62001, deviceManufacturer=HUAWEI}]
Session ID: 28cc7ce1-14e7-4a21-a08f-5db48d55def1
	at org.openqa.selenium.support.ui.WebDriverWait.timeoutException(WebDriverWait.java:80)
	at org.openqa.selenium.support.ui.FluentWait.until(FluentWait.java:261)
	at com.netease.test.TestCase1.browseLocalPic(TestCase1.java:90)
	at java.util.concurrent.FutureTask.run(FutureTask.java:266)
	at java.util.concurrent.ThreadPoolExecutor.runWorker(ThreadPoolExecutor.java:1142)
	at java.util.concurrent.ThreadPoolExecutor$Worker.run(ThreadPoolExecutor.java:617)
	at java.lang.Thread.run(Thread.java:748)
Caused by: org.openqa.selenium.InvalidSelectorException: Locator Strategy 'name' is not supported for this session (WARNING: The server did not provide any stacktrace information)
Command duration or timeout: 8 milliseconds
For documentation on this error, please visit: http://seleniumhq.org/exceptions/invalid_selector_exception.html
Build info: version: '2.50.1', revision: 'd7fc91b', time: '2016-01-29 19:08:26'
System info: host: 'k', ip: '192.168.200.1', os.name: 'Windows 8.1', os.arch: 'amd64', os.version: '6.3', java.version: '1.8.0_131'
Driver info: io.appium.java_client.android.AndroidDriver
Capabilities [{app=C:\Users\kk\Desktop\eclipse\AppiumTestGrid\app\Album_netease.apk, appPackage=com.netease.cloudalbum, deviceScreenSize=720x1280, networkConnectionEnabled=true, warnings={}, appWaitPackage=com.netease.cloudalbum, appWaitActivity=com.netease.cloudalbum.Activity.AppEncryptActivity, databaseEnabled=false, deviceName=127.0.0.1:62001, platform=LINUX, deviceUDID=127.0.0.1:62001, appActivity=com.netease.cloudalbum.Activity.AppEncryptActivity, desired={app=C:\Users\kk\Desktop\eclipse\AppiumTestGrid\app\Album_netease.apk, appPackage=com.netease.cloudalbum, platformVersion=4.4, platformName=Android, udid=127.0.0.1:62001, deviceName=127.0.0.1:62001}, platformVersion=4.4.2, webStorageEnabled=false, locationContextEnabled=false, takesScreenshot=true, javascriptEnabled=true, deviceModel=C8817D, platformName=Android, udid=127.0.0.1:62001, deviceManufacturer=HUAWEI}]
Session ID: 28cc7ce1-14e7-4a21-a08f-5db48d55def1
*** Element info: {Using=name, value=本地相册}
	at org.openqa.selenium.remote.ErrorHandler.createThrowable(ErrorHandler.java:206)
	at org.openqa.selenium.remote.ErrorHandler.throwIfResponseFailed(ErrorHandler.java:158)
	at org.openqa.selenium.remote.RemoteWebDriver.execute(RemoteWebDriver.java:678)
	at io.appium.java_client.DefaultGenericMobileDriver.execute(DefaultGenericMobileDriver.java:42)
	at io.appium.java_client.AppiumDriver.execute(AppiumDriver.java:1)
	at io.appium.java_client.android.AndroidDriver.execute(AndroidDriver.java:1)
	at org.openqa.selenium.remote.RemoteWebDriver.findElement(RemoteWebDriver.java:363)
	at org.openqa.selenium.remote.RemoteWebDriver.findElementByName(RemoteWebDriver.java:461)
	at io.appium.java_client.DefaultGenericMobileDriver.findElementByName(DefaultGenericMobileDriver.java:102)
	at io.appium.java_client.AppiumDriver.findElementByName(AppiumDriver.java:1)
	at io.appium.java_client.android.AndroidDriver.findElementByName(AndroidDriver.java:1)
	at org.openqa.selenium.By$ByName.findElement(By.java:303)
	at org.openqa.selenium.remote.RemoteWebDriver.findElement(RemoteWebDriver.java:355)
	at io.appium.java_client.DefaultGenericMobileDriver.findElement(DefaultGenericMobileDriver.java:52)
	at io.appium.java_client.AppiumDriver.findElement(AppiumDriver.java:1)
	at io.appium.java_client.android.AndroidDriver.findElement(AndroidDriver.java:1)
	at org.openqa.selenium.support.ui.ExpectedConditions.findElement(ExpectedConditions.java:911)
	at org.openqa.selenium.support.ui.ExpectedConditions.access$0(ExpectedConditions.java:909)
	at org.openqa.selenium.support.ui.ExpectedConditions$6.apply(ExpectedConditions.java:181)
	at org.openqa.selenium.support.ui.ExpectedConditions$6.apply(ExpectedConditions.java:1)
	at org.openqa.selenium.support.ui.FluentWait.until(FluentWait.java:238)
	... 21 more
... Removed 19 stack frames]]>
    </failure>
  </testcase> <!-- browseLocalPic -->
  <testcase name="getCloudPicts" time="0.0" classname="com.netease.test.TestCase1">
    <skipped/>
  </testcase> <!-- getCloudPicts -->
</testsuite> <!-- test1 -->
