<?xml version="1.0" encoding="UTF-8"?>
<!-- Generated by org.testng.reporters.JUnitXMLReporter -->
<testsuite hostname="k" name="test3" tests="3" failures="0" timestamp="18 Jul 2017 09:43:03 GMT" time="0.006" errors="0">
  <testcase name="@BeforeClass setUp" time="0.0" classname="com.netease.test.TestCase3">
    <failure type="java.net.MalformedURLException" message="For input string: &amp;quot;192.168.31.254:5555&amp;quot;">
      <![CDATA[java.net.MalformedURLException: For input string: "192.168.31.254:5555"
	at java.net.URL.<init>(URL.java:627)
	at java.net.URL.<init>(URL.java:490)
	at java.net.URL.<init>(URL.java:439)
	at com.netease.test.TestCase3.setUp(TestCase3.java:45)
	at java.util.concurrent.FutureTask.run(FutureTask.java:266)
	at java.util.concurrent.ThreadPoolExecutor.runWorker(ThreadPoolExecutor.java:1142)
	at java.util.concurrent.ThreadPoolExecutor$Worker.run(ThreadPoolExecutor.java:617)
	at java.lang.Thread.run(Thread.java:748)
Caused by: java.lang.NumberFormatException: For input string: "192.168.31.254:5555"
	at java.lang.NumberFormatException.forInputString(NumberFormatException.java:65)
	at java.lang.Integer.parseInt(Integer.java:580)
	at java.lang.Integer.parseInt(Integer.java:615)
	at java.net.URLStreamHandler.parseURL(URLStreamHandler.java:222)
	at java.net.URL.<init>(URL.java:622)
	... 23 more
... Removed 16 stack frames]]>
    </failure>
  </testcase> <!-- @BeforeClass setUp -->
  <testcase name="@AfterClass tearDown" time="0.0" classname="com.netease.test.TestCase3">
    <failure type="java.lang.NullPointerException">
      <![CDATA[java.lang.NullPointerException
	at com.netease.test.TestCase3.tearDown(TestCase3.java:107)
	at java.util.concurrent.FutureTask.run(FutureTask.java:266)
	at java.util.concurrent.ThreadPoolExecutor.runWorker(ThreadPoolExecutor.java:1142)
	at java.util.concurrent.ThreadPoolExecutor$Worker.run(ThreadPoolExecutor.java:617)
	at java.lang.Thread.run(Thread.java:748)
... Removed 16 stack frames]]>
    </failure>
  </testcase> <!-- @AfterClass tearDown -->
  <testcase name="login" time="0.0" classname="com.netease.test.TestCase3">
    <skipped/>
  </testcase> <!-- login -->
  <testcase name="getCloudPics" time="0.0" classname="com.netease.test.TestCase3">
    <skipped/>
  </testcase> <!-- getCloudPics -->
  <testcase name="batchUploadPic" time="0.0" classname="com.netease.test.TestCase3">
    <skipped/>
  </testcase> <!-- batchUploadPic -->
</testsuite> <!-- test3 -->
